{"/home/teklu/Desktop/Micro-Task_Marketplace/backend/config/db.js": {"path":"/home/teklu/Desktop/Micro-Task_Marketplace/backend/config/db.js","statementMap":{"0":{"start":{"line":1,"column":0},"end":{"line":1,"column":27}},"1":{"start":{"line":2,"column":14},"end":{"line":2,"column":39}},"2":{"start":{"line":4,"column":11},"end":{"line":13,"column":2}},"3":{"start":{"line":16,"column":2},"end":{"line":22,"column":3}},"4":{"start":{"line":17,"column":21},"end":{"line":17,"column":45}},"5":{"start":{"line":18,"column":4},"end":{"line":18,"column":54}},"6":{"start":{"line":19,"column":4},"end":{"line":19,"column":25}},"7":{"start":{"line":21,"column":4},"end":{"line":21,"column":73}},"8":{"start":{"line":24,"column":0},"end":{"line":24,"column":19}},"9":{"start":{"line":32,"column":0},"end":{"line":32,"column":20}}},"fnMap":{"0":{"name":"testDBConnection","decl":{"start":{"line":15,"column":15},"end":{"line":15,"column":31}},"loc":{"start":{"line":15,"column":34},"end":{"line":23,"column":1}},"line":15}},"branchMap":{},"s":{"0":3,"1":3,"2":3,"3":3,"4":3,"5":0,"6":0,"7":0,"8":3,"9":3},"f":{"0":3},"b":{},"_coverageSchema":"1a1c01bbd47fc00a2c39e90264f33305004495a9","hash":"1f98501fb8fbcaf98900b4b5d390a58470e21f72"}
,"/home/teklu/Desktop/Micro-Task_Marketplace/backend/middleware/JobMiddleware.js": {"path":"/home/teklu/Desktop/Micro-Task_Marketplace/backend/middleware/JobMiddleware.js","statementMap":{"0":{"start":{"line":1,"column":11},"end":{"line":1,"column":34}},"1":{"start":{"line":3,"column":18},"end":{"line":42,"column":1}},"2":{"start":{"line":5,"column":4},"end":{"line":5,"column":12}},"3":{"start":{"line":6,"column":2},"end":{"line":41,"column":3}},"4":{"start":{"line":7,"column":4},"end":{"line":17,"column":5}},"5":{"start":{"line":16,"column":6},"end":{"line":16,"column":61}},"6":{"start":{"line":20,"column":21},"end":{"line":20,"column":58}},"7":{"start":{"line":21,"column":19},"end":{"line":21,"column":56}},"8":{"start":{"line":24,"column":4},"end":{"line":26,"column":5}},"9":{"start":{"line":25,"column":6},"end":{"line":25,"column":76}},"10":{"start":{"line":28,"column":4},"end":{"line":34,"column":5}},"11":{"start":{"line":29,"column":6},"end":{"line":32,"column":9}},"12":{"start":{"line":33,"column":6},"end":{"line":33,"column":13}},"13":{"start":{"line":36,"column":4},"end":{"line":36,"column":30}},"14":{"start":{"line":37,"column":4},"end":{"line":37,"column":11}},"15":{"start":{"line":39,"column":4},"end":{"line":39,"column":46}},"16":{"start":{"line":40,"column":4},"end":{"line":40,"column":57}},"17":{"start":{"line":44,"column":0},"end":{"line":44,"column":27}}},"fnMap":{"0":{"name":"(anonymous_0)","decl":{"start":{"line":3,"column":18},"end":{"line":3,"column":19}},"loc":{"start":{"line":3,"column":44},"end":{"line":42,"column":1}},"line":3}},"branchMap":{"0":{"loc":{"start":{"line":7,"column":4},"end":{"line":17,"column":5}},"type":"if","locations":[{"start":{"line":7,"column":4},"end":{"line":17,"column":5}},{"start":{},"end":{}}],"line":7},"1":{"loc":{"start":{"line":8,"column":6},"end":{"line":14,"column":12}},"type":"binary-expr","locations":[{"start":{"line":8,"column":6},"end":{"line":8,"column":18}},{"start":{"line":9,"column":6},"end":{"line":9,"column":15}},{"start":{"line":10,"column":6},"end":{"line":10,"column":14}},{"start":{"line":11,"column":6},"end":{"line":11,"column":17}},{"start":{"line":12,"column":6},"end":{"line":12,"column":13}},{"start":{"line":13,"column":6},"end":{"line":13,"column":13}},{"start":{"line":14,"column":6},"end":{"line":14,"column":12}}],"line":8},"2":{"loc":{"start":{"line":24,"column":4},"end":{"line":26,"column":5}},"type":"if","locations":[{"start":{"line":24,"column":4},"end":{"line":26,"column":5}},{"start":{},"end":{}}],"line":24},"3":{"loc":{"start":{"line":28,"column":4},"end":{"line":34,"column":5}},"type":"if","locations":[{"start":{"line":28,"column":4},"end":{"line":34,"column":5}},{"start":{},"end":{}}],"line":28}},"s":{"0":1,"1":1,"2":5,"3":4,"4":4,"5":1,"6":3,"7":3,"8":3,"9":1,"10":2,"11":1,"12":1,"13":1,"14":1,"15":0,"16":0,"17":1},"f":{"0":5},"b":{"0":[1,3],"1":[4,4,4,4,4,3,3],"2":[1,2],"3":[1,1]},"_coverageSchema":"1a1c01bbd47fc00a2c39e90264f33305004495a9","hash":"30574be6e10a8065aa568dd23ededd378fa44096"}
,"/home/teklu/Desktop/Micro-Task_Marketplace/backend/middleware/PostJob.js": {"path":"/home/teklu/Desktop/Micro-Task_Marketplace/backend/middleware/PostJob.js","statementMap":{"0":{"start":{"line":1,"column":11},"end":{"line":1,"column":34}},"1":{"start":{"line":3,"column":26},"end":{"line":31,"column":1}},"2":{"start":{"line":4,"column":2},"end":{"line":30,"column":3}},"3":{"start":{"line":5,"column":19},"end":{"line":5,"column":29}},"4":{"start":{"line":7,"column":6},"end":{"line":7,"column":14}},"5":{"start":{"line":8,"column":15},"end":{"line":16,"column":5}},"6":{"start":{"line":18,"column":6},"end":{"line":18,"column":115}},"7":{"start":{"line":19,"column":25},"end":{"line":19,"column":60}},"8":{"start":{"line":21,"column":4},"end":{"line":25,"column":5}},"9":{"start":{"line":22,"column":6},"end":{"line":24,"column":61}},"10":{"start":{"line":26,"column":4},"end":{"line":26,"column":11}},"11":{"start":{"line":28,"column":4},"end":{"line":28,"column":54}},"12":{"start":{"line":29,"column":4},"end":{"line":29,"column":65}},"13":{"start":{"line":33,"column":0},"end":{"line":33,"column":35}}},"fnMap":{"0":{"name":"(anonymous_0)","decl":{"start":{"line":3,"column":26},"end":{"line":3,"column":27}},"loc":{"start":{"line":3,"column":52},"end":{"line":31,"column":1}},"line":3}},"branchMap":{"0":{"loc":{"start":{"line":21,"column":4},"end":{"line":25,"column":5}},"type":"if","locations":[{"start":{"line":21,"column":4},"end":{"line":25,"column":5}},{"start":{},"end":{}}],"line":21}},"s":{"0":1,"1":1,"2":0,"3":0,"4":0,"5":0,"6":0,"7":0,"8":0,"9":0,"10":0,"11":0,"12":0,"13":1},"f":{"0":0},"b":{"0":[0,0]},"_coverageSchema":"1a1c01bbd47fc00a2c39e90264f33305004495a9","hash":"f090c95b32a8c5d2854ed494329535213efe89e2"}
,"/home/teklu/Desktop/Micro-Task_Marketplace/backend/middleware/authMiddleware.js": {"path":"/home/teklu/Desktop/Micro-Task_Marketplace/backend/middleware/authMiddleware.js","statementMap":{"0":{"start":{"line":1,"column":27},"end":{"line":9,"column":1}},"1":{"start":{"line":2,"column":56},"end":{"line":2,"column":64}},"2":{"start":{"line":3,"column":2},"end":{"line":7,"column":3}},"3":{"start":{"line":4,"column":4},"end":{"line":6,"column":7}},"4":{"start":{"line":8,"column":2},"end":{"line":8,"column":9}},"5":{"start":{"line":11,"column":24},"end":{"line":20,"column":1}},"6":{"start":{"line":12,"column":30},"end":{"line":12,"column":38}},"7":{"start":{"line":14,"column":2},"end":{"line":18,"column":3}},"8":{"start":{"line":15,"column":4},"end":{"line":17,"column":7}},"9":{"start":{"line":19,"column":2},"end":{"line":19,"column":9}},"10":{"start":{"line":22,"column":0},"end":{"line":22,"column":57}}},"fnMap":{"0":{"name":"(anonymous_0)","decl":{"start":{"line":1,"column":27},"end":{"line":1,"column":28}},"loc":{"start":{"line":1,"column":47},"end":{"line":9,"column":1}},"line":1},"1":{"name":"(anonymous_1)","decl":{"start":{"line":11,"column":24},"end":{"line":11,"column":25}},"loc":{"start":{"line":11,"column":44},"end":{"line":20,"column":1}},"line":11}},"branchMap":{"0":{"loc":{"start":{"line":3,"column":2},"end":{"line":7,"column":3}},"type":"if","locations":[{"start":{"line":3,"column":2},"end":{"line":7,"column":3}},{"start":{},"end":{}}],"line":3},"1":{"loc":{"start":{"line":3,"column":6},"end":{"line":3,"column":61}},"type":"binary-expr","locations":[{"start":{"line":3,"column":6},"end":{"line":3,"column":16}},{"start":{"line":3,"column":20},"end":{"line":3,"column":29}},{"start":{"line":3,"column":33},"end":{"line":3,"column":39}},{"start":{"line":3,"column":43},"end":{"line":3,"column":52}},{"start":{"line":3,"column":56},"end":{"line":3,"column":61}}],"line":3},"2":{"loc":{"start":{"line":14,"column":2},"end":{"line":18,"column":3}},"type":"if","locations":[{"start":{"line":14,"column":2},"end":{"line":18,"column":3}},{"start":{},"end":{}}],"line":14},"3":{"loc":{"start":{"line":14,"column":6},"end":{"line":14,"column":25}},"type":"binary-expr","locations":[{"start":{"line":14,"column":6},"end":{"line":14,"column":12}},{"start":{"line":14,"column":16},"end":{"line":14,"column":25}}],"line":14}},"s":{"0":1,"1":1,"2":1,"3":0,"4":1,"5":1,"6":1,"7":1,"8":1,"9":0,"10":1},"f":{"0":1,"1":1},"b":{"0":[0,1],"1":[1,1,1,1,1],"2":[1,0],"3":[1,0]},"_coverageSchema":"1a1c01bbd47fc00a2c39e90264f33305004495a9","hash":"fcba2aa7ed8883c4fa95edce3bf74466bf1ad637"}
,"/home/teklu/Desktop/Micro-Task_Marketplace/backend/middleware/filterClientUpdateFields.js": {"path":"/home/teklu/Desktop/Micro-Task_Marketplace/backend/middleware/filterClientUpdateFields.js","statementMap":{"0":{"start":{"line":1,"column":33},"end":{"line":32,"column":1}},"1":{"start":{"line":2,"column":24},"end":{"line":12,"column":3}},"2":{"start":{"line":14,"column":19},"end":{"line":14,"column":21}},"3":{"start":{"line":16,"column":2},"end":{"line":20,"column":3}},"4":{"start":{"line":17,"column":4},"end":{"line":19,"column":5}},"5":{"start":{"line":18,"column":6},"end":{"line":18,"column":36}},"6":{"start":{"line":23,"column":2},"end":{"line":27,"column":3}},"7":{"start":{"line":24,"column":4},"end":{"line":26,"column":63}},"8":{"start":{"line":30,"column":2},"end":{"line":30,"column":32}},"9":{"start":{"line":31,"column":2},"end":{"line":31,"column":9}},"10":{"start":{"line":34,"column":0},"end":{"line":34,"column":42}}},"fnMap":{"0":{"name":"(anonymous_0)","decl":{"start":{"line":1,"column":33},"end":{"line":1,"column":34}},"loc":{"start":{"line":1,"column":53},"end":{"line":32,"column":1}},"line":1}},"branchMap":{"0":{"loc":{"start":{"line":17,"column":4},"end":{"line":19,"column":5}},"type":"if","locations":[{"start":{"line":17,"column":4},"end":{"line":19,"column":5}},{"start":{},"end":{}}],"line":17},"1":{"loc":{"start":{"line":23,"column":2},"end":{"line":27,"column":3}},"type":"if","locations":[{"start":{"line":23,"column":2},"end":{"line":27,"column":3}},{"start":{},"end":{}}],"line":23}},"s":{"0":1,"1":3,"2":3,"3":3,"4":27,"5":3,"6":3,"7":1,"8":2,"9":2,"10":1},"f":{"0":3},"b":{"0":[3,24],"1":[1,2]},"_coverageSchema":"1a1c01bbd47fc00a2c39e90264f33305004495a9","hash":"fca63d6eb133be2c4a987f226def8f4fb4335d15"}
,"/home/teklu/Desktop/Micro-Task_Marketplace/backend/middleware/filterFreelancer.js": {"path":"/home/teklu/Desktop/Micro-Task_Marketplace/backend/middleware/filterFreelancer.js","statementMap":{"0":{"start":{"line":1,"column":11},"end":{"line":1,"column":34}},"1":{"start":{"line":3,"column":25},"end":{"line":47,"column":1}},"2":{"start":{"line":4,"column":19},"end":{"line":4,"column":28}},"3":{"start":{"line":6,"column":2},"end":{"line":46,"column":3}},"4":{"start":{"line":7,"column":4},"end":{"line":7,"column":80}},"5":{"start":{"line":7,"column":17},"end":{"line":7,"column":80}},"6":{"start":{"line":8,"column":4},"end":{"line":16,"column":5}},"7":{"start":{"line":9,"column":6},"end":{"line":9,"column":26}},"8":{"start":{"line":10,"column":33},"end":{"line":10,"column":77}},"9":{"start":{"line":11,"column":29},"end":{"line":11,"column":65}},"10":{"start":{"line":13,"column":6},"end":{"line":13,"column":38}},"11":{"start":{"line":14,"column":6},"end":{"line":14,"column":13}},"12":{"start":{"line":15,"column":6},"end":{"line":15,"column":13}},"13":{"start":{"line":18,"column":21},"end":{"line":18,"column":34}},"14":{"start":{"line":20,"column":18},"end":{"line":28,"column":5}},"15":{"start":{"line":30,"column":15},"end":{"line":37,"column":5}},"16":{"start":{"line":39,"column":27},"end":{"line":39,"column":56}},"17":{"start":{"line":41,"column":4},"end":{"line":41,"column":36}},"18":{"start":{"line":42,"column":4},"end":{"line":42,"column":11}},"19":{"start":{"line":44,"column":4},"end":{"line":44,"column":25}},"20":{"start":{"line":45,"column":4},"end":{"line":45,"column":60}},"21":{"start":{"line":49,"column":0},"end":{"line":49,"column":34}}},"fnMap":{"0":{"name":"(anonymous_0)","decl":{"start":{"line":3,"column":25},"end":{"line":3,"column":26}},"loc":{"start":{"line":3,"column":51},"end":{"line":47,"column":1}},"line":3}},"branchMap":{"0":{"loc":{"start":{"line":7,"column":4},"end":{"line":7,"column":80}},"type":"if","locations":[{"start":{"line":7,"column":4},"end":{"line":7,"column":80}},{"start":{},"end":{}}],"line":7},"1":{"loc":{"start":{"line":8,"column":4},"end":{"line":16,"column":5}},"type":"if","locations":[{"start":{"line":8,"column":4},"end":{"line":16,"column":5}},{"start":{},"end":{}}],"line":8}},"s":{"0":1,"1":1,"2":3,"3":3,"4":3,"5":1,"6":2,"7":1,"8":1,"9":1,"10":0,"11":0,"12":0,"13":1,"14":1,"15":1,"16":1,"17":1,"18":1,"19":1,"20":1,"21":1},"f":{"0":3},"b":{"0":[1,2],"1":[1,1]},"_coverageSchema":"1a1c01bbd47fc00a2c39e90264f33305004495a9","hash":"9b5e06e710648226ee53a8a2c6fd2b1d2311ff52"}
,"/home/teklu/Desktop/Micro-Task_Marketplace/backend/middleware/filterFreelancerUpdateFields.js": {"path":"/home/teklu/Desktop/Micro-Task_Marketplace/backend/middleware/filterFreelancerUpdateFields.js","statementMap":{"0":{"start":{"line":1,"column":37},"end":{"line":40,"column":1}},"1":{"start":{"line":2,"column":24},"end":{"line":20,"column":3}},"2":{"start":{"line":22,"column":19},"end":{"line":22,"column":21}},"3":{"start":{"line":24,"column":2},"end":{"line":28,"column":3}},"4":{"start":{"line":25,"column":4},"end":{"line":27,"column":5}},"5":{"start":{"line":26,"column":6},"end":{"line":26,"column":36}},"6":{"start":{"line":31,"column":2},"end":{"line":35,"column":3}},"7":{"start":{"line":32,"column":4},"end":{"line":34,"column":63}},"8":{"start":{"line":38,"column":2},"end":{"line":38,"column":32}},"9":{"start":{"line":39,"column":2},"end":{"line":39,"column":9}},"10":{"start":{"line":42,"column":0},"end":{"line":42,"column":46}}},"fnMap":{"0":{"name":"(anonymous_0)","decl":{"start":{"line":1,"column":37},"end":{"line":1,"column":38}},"loc":{"start":{"line":1,"column":57},"end":{"line":40,"column":1}},"line":1}},"branchMap":{"0":{"loc":{"start":{"line":25,"column":4},"end":{"line":27,"column":5}},"type":"if","locations":[{"start":{"line":25,"column":4},"end":{"line":27,"column":5}},{"start":{},"end":{}}],"line":25},"1":{"loc":{"start":{"line":31,"column":2},"end":{"line":35,"column":3}},"type":"if","locations":[{"start":{"line":31,"column":2},"end":{"line":35,"column":3}},{"start":{},"end":{}}],"line":31}},"s":{"0":1,"1":2,"2":2,"3":2,"4":34,"5":17,"6":2,"7":1,"8":1,"9":1,"10":1},"f":{"0":2},"b":{"0":[17,17],"1":[1,1]},"_coverageSchema":"1a1c01bbd47fc00a2c39e90264f33305004495a9","hash":"1940ef239f30a40c0b81462d24a9dae7e180d7ce"}
}
