TN:
SF:config/db.js
FN:15,testDBConnection
FNF:1
FNH:1
FNDA:3,testDBConnection
DA:1,3
DA:2,3
DA:4,3
DA:16,3
DA:17,3
DA:18,0
DA:19,0
DA:21,0
DA:24,3
DA:32,3
LF:10
LH:7
BRF:0
BRH:0
end_of_record
TN:
SF:middleware/JobMiddleware.js
FN:3,(anonymous_0)
FNF:1
FNH:1
FNDA:5,(anonymous_0)
DA:1,1
DA:3,1
DA:5,5
DA:6,4
DA:7,4
DA:16,1
DA:20,3
DA:21,3
DA:24,3
DA:25,1
DA:28,2
DA:29,1
DA:33,1
DA:36,1
DA:37,1
DA:39,0
DA:40,0
DA:44,1
LF:18
LH:16
BRDA:7,0,0,1
BRDA:7,0,1,3
BRDA:8,1,0,4
BRDA:8,1,1,4
BRDA:8,1,2,4
BRDA:8,1,3,4
BRDA:8,1,4,4
BRDA:8,1,5,3
BRDA:8,1,6,3
BRDA:24,2,0,1
BRDA:24,2,1,2
BRDA:28,3,0,1
BRDA:28,3,1,1
BRF:13
BRH:13
end_of_record
TN:
SF:middleware/PostJob.js
FN:3,(anonymous_0)
FNF:1
FNH:0
FNDA:0,(anonymous_0)
DA:1,1
DA:3,1
DA:4,0
DA:5,0
DA:7,0
DA:8,0
DA:18,0
DA:19,0
DA:21,0
DA:22,0
DA:26,0
DA:28,0
DA:29,0
DA:33,1
LF:14
LH:3
BRDA:21,0,0,0
BRDA:21,0,1,0
BRF:2
BRH:0
end_of_record
TN:
SF:middleware/authMiddleware.js
FN:1,(anonymous_0)
FN:11,(anonymous_1)
FNF:2
FNH:2
FNDA:1,(anonymous_0)
FNDA:1,(anonymous_1)
DA:1,1
DA:2,1
DA:3,1
DA:4,0
DA:8,1
DA:11,1
DA:12,1
DA:14,1
DA:15,1
DA:19,0
DA:22,1
LF:11
LH:9
BRDA:3,0,0,0
BRDA:3,0,1,1
BRDA:3,1,0,1
BRDA:3,1,1,1
BRDA:3,1,2,1
BRDA:3,1,3,1
BRDA:3,1,4,1
BRDA:14,2,0,1
BRDA:14,2,1,0
BRDA:14,3,0,1
BRDA:14,3,1,0
BRF:11
BRH:8
end_of_record
TN:
SF:middleware/filterClientUpdateFields.js
FN:1,(anonymous_0)
FNF:1
FNH:1
FNDA:3,(anonymous_0)
DA:1,1
DA:2,3
DA:14,3
DA:16,3
DA:17,27
DA:18,3
DA:23,3
DA:24,1
DA:30,2
DA:31,2
DA:34,1
LF:11
LH:11
BRDA:17,0,0,3
BRDA:17,0,1,24
BRDA:23,1,0,1
BRDA:23,1,1,2
BRF:4
BRH:4
end_of_record
TN:
SF:middleware/filterFreelancer.js
FN:3,(anonymous_0)
FNF:1
FNH:1
FNDA:3,(anonymous_0)
DA:1,1
DA:3,1
DA:4,3
DA:6,3
DA:7,3
DA:8,2
DA:9,1
DA:10,1
DA:11,1
DA:13,0
DA:14,0
DA:15,0
DA:18,1
DA:20,1
DA:30,1
DA:39,1
DA:41,1
DA:42,1
DA:44,1
DA:45,1
DA:49,1
LF:21
LH:18
BRDA:7,0,0,1
BRDA:7,0,1,2
BRDA:8,1,0,1
BRDA:8,1,1,1
BRF:4
BRH:4
end_of_record
TN:
SF:middleware/filterFreelancerUpdateFields.js
FN:1,(anonymous_0)
FNF:1
FNH:1
FNDA:2,(anonymous_0)
DA:1,1
DA:2,2
DA:22,2
DA:24,2
DA:25,34
DA:26,17
DA:31,2
DA:32,1
DA:38,1
DA:39,1
DA:42,1
LF:11
LH:11
BRDA:25,0,0,17
BRDA:25,0,1,17
BRDA:31,1,0,1
BRDA:31,1,1,1
BRF:4
BRH:4
end_of_record
